2021-01-09 17:34:01.517 - INFO - 11989 - azureml.train.automl._azureautomlclient.modify_run_configuration:199 - Package azureml-train-automl missing from dependencies file.
2021-01-09 17:34:01.518 - INFO - 11989 - azureml.train.automl._azureautomlclient.modify_run_configuration:205 - Using pinned version: azureml-train-automl==1.19.0.*
2021-01-09 17:34:01.519 - INFO - 11989 - azureml.train.automl._azureautomlclient.modify_run_configuration:199 - Package pandas missing from dependencies file.
2021-01-09 17:34:01.521 - INFO - 11989 - azureml.train.automl._azureautomlclient.modify_run_configuration:205 - Using pinned version: pandas==0.25.1
2021-01-09 17:34:01.521 - INFO - 11989 - azureml.train.automl._azureautomlclient.modify_run_configuration:199 - Package psutil missing from dependencies file.
2021-01-09 17:34:01.522 - INFO - 11989 - azureml.train.automl._azureautomlclient.modify_run_configuration:205 - Using pinned version: psutil>5.0.0,<6.0.0
2021-01-09 17:34:01.522 - INFO - 11989 - azureml.train.automl._azureautomlclient.modify_run_configuration:199 - Package scikit-learn missing from dependencies file.
2021-01-09 17:34:01.523 - INFO - 11989 - azureml.train.automl._azureautomlclient.modify_run_configuration:205 - Using pinned version: scikit-learn==0.22.1
2021-01-09 17:34:01.523 - INFO - 11989 - azureml.train.automl._azureautomlclient.modify_run_configuration:199 - Package numpy missing from dependencies file.
2021-01-09 17:34:01.523 - INFO - 11989 - azureml.train.automl._azureautomlclient.modify_run_configuration:205 - Using pinned version: numpy~=1.18.0
2021-01-09 17:34:01.524 - INFO - 11989 - azureml.train.automl._azureautomlclient.modify_run_configuration:199 - Package py-xgboost missing from dependencies file.
2021-01-09 17:34:01.524 - INFO - 11989 - azureml.train.automl._azureautomlclient.modify_run_configuration:205 - Using pinned version: py-xgboost<=0.90
2021-01-09 17:34:01.525 - INFO - 11989 - azureml.train.automl._azureautomlclient.modify_run_configuration:199 - Package inference-schema missing from dependencies file.
2021-01-09 17:34:01.525 - INFO - 11989 - azureml.train.automl._azureautomlclient.modify_run_configuration:199 - Package fbprophet missing from dependencies file.
2021-01-09 17:34:01.525 - INFO - 11989 - azureml.train.automl._azureautomlclient.modify_run_configuration:205 - Using pinned version: fbprophet==0.5
2021-01-09 17:34:01.525 - INFO - 11989 - azureml.train.automl._azureautomlclient.modify_run_configuration:199 - Package setuptools-git missing from dependencies file.
2021-01-09 17:34:01.531 - INFO - 11989 - azureml.train.automl._azureautomlclient._validate_input:663 - Start data validation.
2021-01-09 17:34:06.560 - INFO - 11989 - azureml.train.automl._azureautomlclient._validate_input:676 - Validation service found the data has no errors.
2021-01-09 17:34:06.561 - INFO - 11989 - azureml.train.automl._azureautomlclient._create_parent_run_for_remote:541 - Start creating parent run.
2021-01-09 17:34:09.085 - INFO - 11989 - azureml.train.automl._azureautomlclient._create_parent_run_for_remote:561 - [ParentRunID:AutoML_c2ada1fe-bf94-48d0-802e-fcb1cc580787] Remote run using input X and y.
2021-01-09 17:34:10.709 - INFO - 11989 - azureml.train.automl._azureautomlclient._create_parent_run_for_remote:574 - Parent Run ID: AutoML_c2ada1fe-bf94-48d0-802e-fcb1cc580787
2021-01-09 17:34:10.711 - INFO - 11989 - azureml.train.automl._azureautomlclient._fit_remote_core:502 - Starting a snapshot run (snapshot_id : None)
